\BOOKMARK [0][-]{chapter.1}{\376\377\000I\000n\000t\000r\000o\000d\000u\000c\000t\000i\000o\000n}{}% 1
\BOOKMARK [1][-]{section.1.1}{\376\377\000F\000o\000r\000m\000a\000l\000i\000z\000a\000t\000i\000o\000n\000\040\000o\000f\000\040\000a\000\040\000m\000a\000c\000h\000i\000n\000e\000\040\000l\000e\000a\000r\000n\000i\000n\000g\000\040\000p\000r\000o\000b\000l\000e\000m}{chapter.1}% 2
\BOOKMARK [2][-]{subsection.1.1.1}{\376\377\000C\000o\000m\000p\000o\000n\000e\000n\000t\000s\000\040\000o\000f\000\040\000a\000\040\000m\000a\000c\000h\000i\000n\000e\000\040\000l\000e\000a\000r\000n\000i\000n\000g\000\040\000p\000r\000o\000b\000l\000e\000m}{section.1.1}% 3
\BOOKMARK [2][-]{subsection.1.1.2}{\376\377\000D\000e\000s\000i\000g\000n\000i\000n\000g\000\040\000a\000\040\000m\000a\000c\000h\000i\000n\000e\000\040\000l\000e\000a\000r\000n\000i\000n\000g\000\040\000s\000y\000s\000t\000e\000m}{section.1.1}% 4
\BOOKMARK [1][-]{section.1.2}{\376\377\000L\000e\000a\000r\000n\000i\000n\000g\000\040\000s\000e\000t\000t\000i\000n\000g\000s}{chapter.1}% 5
\BOOKMARK [2][-]{subsection.1.2.1}{\376\377\000S\000u\000p\000e\000r\000v\000i\000s\000e\000d\000\040\000l\000e\000a\000r\000n\000i\000n\000g}{section.1.2}% 6
\BOOKMARK [2][-]{subsection.1.2.2}{\376\377\000U\000n\000s\000u\000p\000e\000r\000v\000i\000s\000e\000d\000\040\000l\000e\000a\000r\000n\000i\000n\000g}{section.1.2}% 7
\BOOKMARK [2][-]{subsection.1.2.3}{\376\377\000S\000e\000m\000i\000-\000s\000u\000p\000e\000r\000v\000i\000s\000e\000d\000\040\000l\000e\000a\000r\000n\000i\000n\000g}{section.1.2}% 8
\BOOKMARK [2][-]{subsection.1.2.4}{\376\377\000R\000e\000i\000n\000f\000o\000r\000c\000e\000m\000e\000n\000t\000\040\000l\000e\000a\000r\000n\000i\000n\000g}{section.1.2}% 9
\BOOKMARK [1][-]{section.1.3}{\376\377\000P\000r\000o\000b\000a\000b\000i\000l\000i\000s\000t\000i\000c\000\040\000r\000e\000a\000s\000o\000n\000i\000n\000g}{chapter.1}% 10
\BOOKMARK [1][-]{section.1.4}{\376\377\000C\000h\000o\000i\000c\000e\000\040\000o\000f\000\040\000l\000e\000a\000r\000n\000i\000n\000g\000\040\000a\000l\000g\000o\000r\000i\000t\000h\000m\000s}{chapter.1}% 11
\BOOKMARK [2][-]{subsection.1.4.1}{\376\377\000B\000a\000s\000e\000d\000\040\000o\000n\000\040\000i\000n\000f\000o\000r\000m\000a\000t\000i\000o\000n\000\040\000a\000v\000a\000i\000l\000a\000b\000l\000e}{section.1.4}% 12
\BOOKMARK [0][-]{chapter.2}{\376\377\000D\000e\000c\000i\000s\000i\000o\000n\000\040\000t\000r\000e\000e\000s\000\040\000l\000e\000a\000r\000n\000i\000n\000g}{}% 13
\BOOKMARK [1][-]{section.2.1}{\376\377\000I\000n\000t\000r\000o\000d\000u\000c\000t\000i\000o\000n}{chapter.2}% 14
\BOOKMARK [2][-]{subsection.2.1.1}{\376\377\000A\000p\000p\000r\000o\000p\000r\000i\000a\000t\000e\000\040\000p\000r\000o\000b\000l\000e\000m\000s\000\040\000f\000o\000r\000\040\000d\000e\000c\000i\000s\000i\000o\000n\000\040\000t\000r\000e\000e\000s}{section.2.1}% 15
\BOOKMARK [1][-]{section.2.2}{\376\377\000L\000e\000a\000r\000n\000i\000n\000g\000\040\000d\000e\000c\000i\000s\000i\000o\000n\000\040\000t\000r\000e\000e\000s}{chapter.2}% 16
\BOOKMARK [2][-]{subsection.2.2.1}{\376\377\000G\000r\000e\000e\000d\000y\000\040\000t\000o\000p\000-\000d\000o\000w\000n\000\040\000s\000t\000r\000a\000t\000e\000g\000y}{section.2.2}% 17
\BOOKMARK [2][-]{subsection.2.2.2}{\376\377\000C\000h\000o\000o\000s\000i\000n\000g\000\040\000t\000h\000e\000\040\000b\000e\000s\000t\000\040\000a\000t\000t\000r\000i\000b\000u\000t\000e}{section.2.2}% 18
\BOOKMARK [1][-]{section.2.3}{\376\377\000I\000s\000s\000u\000e\000s\000\040\000i\000n\000\040\000d\000e\000c\000i\000s\000i\000o\000n\000\040\000t\000r\000e\000e\000\040\000l\000e\000a\000r\000n\000i\000n\000g}{chapter.2}% 19
\BOOKMARK [2][-]{subsection.2.3.1}{\376\377\000O\000v\000e\000r\000f\000i\000t\000t\000i\000n\000g\000\040\000a\000v\000o\000i\000d\000a\000n\000c\000e}{section.2.3}% 20
\BOOKMARK [2][-]{subsection.2.3.2}{\376\377\000P\000o\000s\000t\000-\000p\000r\000u\000n\000i\000n\000g}{section.2.3}% 21
\BOOKMARK [2][-]{subsection.2.3.3}{\376\377\000D\000e\000a\000l\000i\000n\000g\000\040\000w\000i\000t\000h\000\040\000c\000o\000n\000t\000i\000n\000u\000e\000s\000\040\000v\000a\000l\000u\000e\000d\000\040\000a\000t\000t\000r\000i\000b\000u\000t\000e\000s}{section.2.3}% 22
\BOOKMARK [2][-]{subsection.2.3.4}{\376\377\000A\000l\000t\000e\000r\000n\000a\000t\000i\000v\000e\000\040\000a\000t\000t\000r\000i\000b\000u\000t\000e\000\040\000t\000e\000s\000t\000\040\000m\000e\000a\000s\000u\000r\000e\000s}{section.2.3}% 23
\BOOKMARK [2][-]{subsection.2.3.5}{\376\377\000H\000a\000n\000d\000l\000i\000n\000g\000\040\000a\000t\000t\000r\000i\000b\000u\000t\000e\000s\000\040\000w\000i\000t\000h\000\040\000m\000i\000s\000s\000i\000n\000g\000\040\000v\000a\000l\000u\000e\000s}{section.2.3}% 24
\BOOKMARK [1][-]{section.2.4}{\376\377\000R\000a\000n\000d\000o\000m\000\040\000f\000o\000r\000e\000s\000t}{chapter.2}% 25
\BOOKMARK [2][-]{subsection.2.4.1}{\376\377\000T\000r\000a\000i\000n\000i\000n\000g}{section.2.4}% 26
\BOOKMARK [2][-]{subsection.2.4.2}{\376\377\000T\000e\000s\000t\000i\000n\000g}{section.2.4}% 27
\BOOKMARK [0][-]{chapter.3}{\376\377\000K\000-\000n\000e\000a\000r\000e\000s\000t\000\040\000n\000e\000i\000g\000h\000b\000o\000u\000r\000s}{}% 28
\BOOKMARK [1][-]{section.3.1}{\376\377\000I\000n\000t\000r\000o\000d\000u\000c\000t\000i\000o\000n}{chapter.3}% 29
\BOOKMARK [1][-]{section.3.2}{\376\377\000M\000e\000a\000s\000u\000r\000i\000n\000g\000\040\000t\000h\000e\000\040\000i\000n\000s\000t\000a\000n\000c\000e\000\040\000b\000e\000t\000w\000e\000e\000n\000\040\000i\000n\000s\000t\000a\000n\000c\000e\000s}{chapter.3}% 30
\BOOKMARK [2][-]{subsection.3.2.1}{\376\377\000M\000e\000t\000r\000i\000c\000\040\000o\000r\000\040\000d\000i\000s\000t\000a\000n\000c\000e\000\040\000d\000e\000f\000i\000n\000i\000t\000i\000o\000n}{section.3.2}% 31
\BOOKMARK [2][-]{subsection.3.2.2}{\376\377\000E\000u\000c\000l\000i\000d\000e\000a\000n\000\040\000d\000i\000s\000t\000a\000n\000c\000e}{section.3.2}% 32
\BOOKMARK [1][-]{section.3.3}{\376\377\000A\000l\000g\000o\000r\000i\000t\000h\000m\000s}{chapter.3}% 33
\BOOKMARK [2][-]{subsection.3.3.1}{\376\377\000C\000l\000a\000s\000s\000i\000f\000i\000c\000a\000t\000i\000o\000n}{section.3.3}% 34
\BOOKMARK [2][-]{subsection.3.3.2}{\376\377\000R\000e\000g\000r\000e\000s\000s\000i\000o\000n}{section.3.3}% 35
\BOOKMARK [1][-]{section.3.4}{\376\377\000C\000h\000a\000r\000a\000c\000t\000e\000r\000i\000s\000t\000i\000c\000s}{chapter.3}% 36
\BOOKMARK [1][-]{section.3.5}{\376\377\000D\000i\000s\000t\000a\000n\000c\000e\000\040\000w\000e\000i\000g\000h\000t\000e\000d\000\040\000k\000-\000n\000e\000a\000r\000e\000s\000t\000\040\000n\000e\000i\000g\000h\000b\000o\000u\000r}{chapter.3}% 37
\BOOKMARK [0][-]{chapter.4}{\376\377\000L\000i\000n\000e\000a\000r\000\040\000a\000l\000g\000e\000b\000r\000a}{}% 38
\BOOKMARK [1][-]{section.4.1}{\376\377\000V\000e\000c\000t\000o\000r\000\040\000s\000p\000a\000c\000e}{chapter.4}% 39
\BOOKMARK [2][-]{subsection.4.1.1}{\376\377\000P\000r\000o\000p\000e\000r\000t\000i\000e\000s\000\040\000a\000n\000d\000\040\000o\000p\000e\000r\000a\000t\000i\000o\000n\000s}{section.4.1}% 40
\BOOKMARK [2][-]{subsection.4.1.2}{\376\377\000B\000a\000s\000i\000s}{section.4.1}% 41
\BOOKMARK [1][-]{section.4.2}{\376\377\000M\000a\000t\000r\000i\000c\000e\000s}{chapter.4}% 42
\BOOKMARK [2][-]{subsection.4.2.1}{\376\377\000L\000i\000n\000e\000a\000r\000\040\000m\000a\000p\000s}{section.4.2}% 43
\BOOKMARK [2][-]{subsection.4.2.2}{\376\377\000L\000i\000n\000e\000a\000r\000\040\000m\000a\000p\000s\000\040\000a\000s\000\040\000m\000a\000t\000r\000i\000c\000e\000s}{section.4.2}% 44
\BOOKMARK [2][-]{subsection.4.2.3}{\376\377\000M\000a\000t\000r\000i\000x\000\040\000p\000r\000o\000p\000e\000r\000t\000i\000e\000s}{section.4.2}% 45
\BOOKMARK [2][-]{subsection.4.2.4}{\376\377\000M\000a\000t\000r\000i\000x\000\040\000d\000e\000r\000i\000v\000a\000t\000i\000v\000e\000s}{section.4.2}% 46
\BOOKMARK [2][-]{subsection.4.2.5}{\376\377\000M\000e\000t\000r\000i\000c\000\040\000s\000t\000r\000u\000c\000t\000u\000r\000e}{section.4.2}% 47
\BOOKMARK [2][-]{subsection.4.2.6}{\376\377\000D\000o\000t\000\040\000p\000r\000o\000d\000u\000c\000t}{section.4.2}% 48
\BOOKMARK [1][-]{section.4.3}{\376\377\000E\000i\000g\000e\000n\000v\000a\000l\000u\000e\000s\000\040\000a\000n\000d\000\040\000e\000i\000g\000e\000n\000v\000e\000c\000t\000o\000r\000s}{chapter.4}% 49
\BOOKMARK [2][-]{subsection.4.3.1}{\376\377\000C\000a\000r\000d\000i\000n\000a\000l\000i\000t\000y}{section.4.3}% 50
\BOOKMARK [2][-]{subsection.4.3.2}{\376\377\000S\000i\000n\000g\000u\000l\000a\000r\000\040\000m\000a\000t\000r\000i\000c\000e\000s}{section.4.3}% 51
\BOOKMARK [2][-]{subsection.4.3.3}{\376\377\000S\000y\000m\000m\000e\000t\000r\000i\000c\000\040\000m\000a\000t\000r\000i\000c\000e\000s}{section.4.3}% 52
\BOOKMARK [2][-]{subsection.4.3.4}{\376\377\000E\000i\000g\000e\000n\000-\000d\000e\000c\000o\000m\000p\000o\000s\000i\000t\000i\000o\000n}{section.4.3}% 53
\BOOKMARK [1][-]{section.4.4}{\376\377\000P\000r\000i\000n\000c\000i\000p\000a\000l\000\040\000c\000o\000m\000p\000o\000n\000e\000n\000t\000\040\000a\000n\000a\000l\000y\000s\000i\000s}{chapter.4}% 54
\BOOKMARK [2][-]{subsection.4.4.1}{\376\377\000P\000r\000o\000c\000e\000d\000u\000r\000e}{section.4.4}% 55
\BOOKMARK [2][-]{subsection.4.4.2}{\376\377\000D\000i\000m\000e\000n\000s\000i\000o\000n\000a\000l\000i\000t\000y\000\040\000r\000e\000d\000u\000c\000t\000i\000o\000n}{section.4.4}% 56
\BOOKMARK [0][-]{chapter.5}{\376\377\000P\000r\000o\000b\000a\000b\000i\000l\000i\000t\000y\000\040\000t\000h\000e\000o\000r\000y}{}% 57
\BOOKMARK [1][-]{section.5.1}{\376\377\000D\000i\000s\000c\000r\000e\000t\000e\000\040\000r\000a\000n\000d\000o\000m\000\040\000v\000a\000r\000i\000a\000b\000l\000e\000s}{chapter.5}% 58
\BOOKMARK [2][-]{subsection.5.1.1}{\376\377\000P\000r\000o\000b\000a\000b\000i\000l\000i\000t\000y\000\040\000m\000a\000s\000s\000\040\000f\000u\000n\000c\000t\000i\000o\000n}{section.5.1}% 59
\BOOKMARK [2][-]{subsection.5.1.2}{\376\377\000E\000x\000p\000e\000c\000t\000e\000d\000\040\000v\000a\000l\000u\000e}{section.5.1}% 60
\BOOKMARK [2][-]{subsection.5.1.3}{\376\377\000V\000a\000r\000i\000a\000n\000c\000e}{section.5.1}% 61
\BOOKMARK [2][-]{subsection.5.1.4}{\376\377\000P\000r\000o\000p\000e\000r\000t\000i\000e\000s\000\040\000o\000f\000\040\000m\000e\000a\000n\000\040\000a\000n\000d\000\040\000v\000a\000r\000i\000a\000n\000c\000e}{section.5.1}% 62
\BOOKMARK [2][-]{subsection.5.1.5}{\376\377\000P\000r\000o\000b\000a\000b\000i\000l\000i\000t\000y\000\040\000d\000i\000s\000t\000r\000i\000b\000u\000t\000i\000o\000n\000s}{section.5.1}% 63
\BOOKMARK [2][-]{subsection.5.1.6}{\376\377\000P\000a\000i\000r\000s\000\040\000o\000f\000\040\000d\000i\000s\000c\000r\000e\000t\000e\000\040\000r\000a\000n\000d\000o\000m\000\040\000v\000a\000r\000i\000a\000b\000l\000e\000s}{section.5.1}% 64
\BOOKMARK [1][-]{section.5.2}{\376\377\000C\000o\000n\000d\000i\000t\000i\000o\000n\000a\000l\000l\000y\000\040\000p\000r\000o\000b\000a\000b\000i\000l\000i\000t\000y}{chapter.5}% 65
\BOOKMARK [2][-]{subsection.5.2.1}{\376\377\000B\000a\000s\000i\000c\000\040\000r\000u\000l\000e\000s}{section.5.2}% 66
\BOOKMARK [2][-]{subsection.5.2.2}{\376\377\000B\000a\000y\000e\000s\000'\000\040\000r\000u\000l\000e}{section.5.2}% 67
\BOOKMARK [1][-]{section.5.3}{\376\377\000C\000o\000n\000t\000i\000n\000u\000o\000u\000s\000\040\000r\000a\000n\000d\000o\000m\000\040\000v\000a\000r\000i\000a\000b\000l\000e\000s}{chapter.5}% 68
\BOOKMARK [2][-]{subsection.5.3.1}{\376\377\000C\000u\000m\000u\000l\000a\000t\000i\000v\000e\000\040\000d\000i\000s\000t\000r\000i\000b\000u\000t\000i\000o\000n\000\040\000f\000u\000n\000c\000t\000i\000o\000n}{section.5.3}% 69
\BOOKMARK [2][-]{subsection.5.3.2}{\376\377\000P\000r\000o\000b\000a\000b\000i\000l\000i\000t\000y\000\040\000d\000e\000n\000s\000i\000t\000y\000\040\000f\000u\000n\000c\000t\000i\000o\000n}{section.5.3}% 70
\BOOKMARK [2][-]{subsection.5.3.3}{\376\377\000P\000r\000o\000b\000a\000b\000i\000l\000i\000t\000y\000\040\000d\000i\000s\000t\000r\000i\000b\000u\000t\000i\000o\000n}{section.5.3}% 71
\BOOKMARK [1][-]{section.5.4}{\376\377\000P\000r\000o\000b\000a\000b\000i\000l\000i\000t\000y\000\040\000l\000a\000w\000s}{chapter.5}% 72
\BOOKMARK [2][-]{subsection.5.4.1}{\376\377\000E\000x\000p\000e\000c\000t\000a\000t\000i\000o\000n\000\040\000o\000f\000\040\000a\000n\000\040\000a\000v\000e\000r\000a\000g\000e}{section.5.4}% 73
\BOOKMARK [2][-]{subsection.5.4.2}{\376\377\000V\000a\000r\000i\000a\000n\000c\000e\000\040\000o\000f\000\040\000a\000n\000\040\000a\000v\000e\000r\000a\000g\000e}{section.5.4}% 74
\BOOKMARK [2][-]{subsection.5.4.3}{\376\377\000C\000h\000e\000b\000y\000s\000h\000e\000v\000'\000s\000\040\000i\000n\000e\000q\000u\000a\000l\000i\000t\000y}{section.5.4}% 75
\BOOKMARK [2][-]{subsection.5.4.4}{\376\377\000L\000a\000w\000\040\000o\000f\000\040\000l\000a\000r\000g\000e\000\040\000n\000u\000m\000b\000e\000r\000s}{section.5.4}% 76
\BOOKMARK [2][-]{subsection.5.4.5}{\376\377\000C\000e\000n\000t\000r\000a\000l\000\040\000l\000i\000m\000i\000t\000\040\000t\000h\000e\000o\000r\000e\000m}{section.5.4}% 77
\BOOKMARK [1][-]{section.5.5}{\376\377\000I\000n\000f\000o\000r\000m\000a\000t\000i\000o\000n\000\040\000t\000h\000e\000o\000r\000y}{chapter.5}% 78
\BOOKMARK [2][-]{subsection.5.5.1}{\376\377\000E\000n\000t\000r\000o\000p\000y}{section.5.5}% 79
\BOOKMARK [2][-]{subsection.5.5.2}{\376\377\000C\000r\000o\000s\000s\000\040\000e\000n\000t\000r\000o\000p\000y}{section.5.5}% 80
\BOOKMARK [2][-]{subsection.5.5.3}{\376\377\000R\000e\000l\000a\000t\000i\000v\000e\000\040\000e\000n\000t\000r\000o\000p\000y}{section.5.5}% 81
\BOOKMARK [2][-]{subsection.5.5.4}{\376\377\000C\000o\000n\000d\000i\000t\000i\000o\000n\000a\000l\000\040\000e\000n\000t\000r\000o\000p\000y}{section.5.5}% 82
\BOOKMARK [2][-]{subsection.5.5.5}{\376\377\000M\000u\000t\000u\000a\000l\000\040\000i\000n\000f\000o\000r\000m\000a\000t\000i\000o\000n}{section.5.5}% 83
\BOOKMARK [0][-]{chapter.6}{\376\377\000E\000v\000a\000l\000u\000a\000t\000i\000o\000n}{}% 84
\BOOKMARK [1][-]{section.6.1}{\376\377\000I\000n\000t\000r\000o\000d\000u\000c\000t\000i\000o\000n}{chapter.6}% 85
\BOOKMARK [1][-]{section.6.2}{\376\377\000P\000e\000r\000f\000o\000r\000m\000a\000n\000c\000e\000\040\000m\000e\000a\000s\000u\000r\000e\000s}{chapter.6}% 86
\BOOKMARK [2][-]{subsection.6.2.1}{\376\377\000T\000r\000a\000i\000n\000i\000n\000g\000\040\000l\000o\000s\000s\000\040\000a\000n\000d\000\040\000p\000e\000r\000f\000o\000r\000m\000a\000n\000c\000e\000\040\000m\000e\000a\000s\000u\000r\000e\000s}{section.6.2}% 87
\BOOKMARK [2][-]{subsection.6.2.2}{\376\377\000B\000i\000n\000a\000r\000y\000\040\000c\000l\000a\000s\000s\000i\000f\000i\000c\000a\000t\000i\000o\000n}{section.6.2}% 88
\BOOKMARK [2][-]{subsection.6.2.3}{\376\377\000M\000u\000l\000t\000i\000c\000l\000a\000s\000s\000\040\000c\000l\000a\000s\000s\000i\000f\000i\000c\000a\000t\000i\000o\000n}{section.6.2}% 89
\BOOKMARK [2][-]{subsection.6.2.4}{\376\377\000R\000e\000g\000r\000e\000s\000s\000i\000o\000n}{section.6.2}% 90
\BOOKMARK [1][-]{section.6.3}{\376\377\000H\000y\000p\000o\000t\000h\000e\000s\000i\000s\000\040\000t\000e\000s\000t\000i\000n\000g}{chapter.6}% 91
\BOOKMARK [2][-]{subsection.6.3.1}{\376\377\000T\000e\000s\000t\000\040\000s\000t\000a\000t\000i\000s\000t\000i\000c}{section.6.3}% 92
\BOOKMARK [2][-]{subsection.6.3.2}{\376\377\000G\000l\000o\000s\000s\000a\000r\000y}{section.6.3}% 93
\BOOKMARK [2][-]{subsection.6.3.3}{\376\377\000T\000-\000t\000e\000s\000t}{section.6.3}% 94
\BOOKMARK [2][-]{subsection.6.3.4}{\376\377\000C\000o\000m\000p\000a\000r\000i\000n\000g\000\040\000l\000e\000a\000r\000n\000i\000n\000g\000\040\000a\000l\000g\000o\000r\000i\000t\000h\000m\000s}{section.6.3}% 95
\BOOKMARK [0][-]{chapter.7}{\376\377\000B\000a\000y\000e\000s\000i\000a\000n\000\040\000d\000e\000c\000i\000s\000i\000o\000n\000\040\000t\000h\000e\000o\000r\000y}{}% 96
\BOOKMARK [1][-]{section.7.1}{\376\377\000I\000n\000t\000r\000o\000d\000u\000c\000t\000i\000o\000n}{chapter.7}% 97
\BOOKMARK [2][-]{subsection.7.1.1}{\376\377\000I\000n\000p\000u\000t\000-\000o\000u\000t\000p\000u\000t\000\040\000p\000a\000i\000r\000s}{section.7.1}% 98
\BOOKMARK [2][-]{subsection.7.1.2}{\376\377\000E\000x\000p\000e\000c\000t\000e\000d\000\040\000e\000r\000r\000o\000r}{section.7.1}% 99
\BOOKMARK [2][-]{subsection.7.1.3}{\376\377\000B\000a\000y\000e\000s\000\040\000d\000e\000c\000i\000s\000i\000o\000n\000\040\000r\000u\000l\000e}{section.7.1}% 100
\BOOKMARK [1][-]{section.7.2}{\376\377\000R\000e\000p\000r\000e\000s\000e\000n\000t\000i\000n\000g\000\040\000c\000l\000a\000s\000s\000i\000f\000i\000e\000r\000s}{chapter.7}% 101
\BOOKMARK [2][-]{subsection.7.2.1}{\376\377\000D\000i\000s\000c\000r\000i\000m\000i\000n\000a\000n\000t\000\040\000f\000u\000n\000c\000t\000i\000o\000n\000s}{section.7.2}% 102
\BOOKMARK [2][-]{subsection.7.2.2}{\376\377\000D\000e\000c\000i\000s\000i\000o\000n\000\040\000r\000e\000g\000i\000o\000n\000s}{section.7.2}% 103
\BOOKMARK [1][-]{section.7.3}{\376\377\000M\000u\000l\000t\000i\000v\000a\000r\000i\000a\000t\000e\000\040\000n\000o\000r\000m\000a\000l\000\040\000d\000e\000n\000s\000i\000t\000y}{chapter.7}% 104
\BOOKMARK [2][-]{subsection.7.3.1}{\376\377\000H\000y\000p\000e\000r\000e\000l\000l\000i\000p\000s\000o\000i\000d\000s}{section.7.3}% 105
\BOOKMARK [2][-]{subsection.7.3.2}{\376\377\000D\000i\000s\000c\000r\000i\000m\000i\000n\000a\000n\000t\000\040\000f\000u\000n\000c\000t\000i\000o\000n\000s\000\040\000f\000o\000r\000\040\000n\000o\000r\000m\000a\000l\000\040\000d\000e\000n\000s\000i\000t\000y}{section.7.3}% 106
\BOOKMARK [1][-]{section.7.4}{\376\377\000A\000r\000b\000i\000t\000r\000a\000r\000y\000\040\000i\000n\000p\000u\000t\000s\000\040\000a\000n\000d\000\040\000o\000u\000t\000p\000u\000t\000s}{chapter.7}% 107
\BOOKMARK [2][-]{subsection.7.4.1}{\376\377\000S\000e\000t\000t\000i\000n\000g}{section.7.4}% 108
\BOOKMARK [2][-]{subsection.7.4.2}{\376\377\000R\000i\000s\000k}{section.7.4}% 109
\BOOKMARK [2][-]{subsection.7.4.3}{\376\377\000B\000a\000y\000e\000s\000\040\000d\000e\000c\000i\000s\000i\000o\000n\000\040\000r\000u\000l\000e}{section.7.4}% 110
\BOOKMARK [1][-]{section.7.5}{\376\377\000H\000a\000n\000d\000l\000i\000n\000g\000\040\000f\000e\000a\000t\000u\000r\000e\000s}{chapter.7}% 111
\BOOKMARK [2][-]{subsection.7.5.1}{\376\377\000H\000a\000n\000d\000l\000i\000n\000g\000\040\000m\000i\000s\000s\000i\000n\000g\000\040\000f\000e\000a\000t\000u\000r\000e\000s\000\040\000-\000\040\000m\000a\000r\000g\000i\000n\000a\000l\000i\000z\000e\000\040\000o\000v\000e\000r\000\040\000m\000i\000s\000s\000i\000n\000g\000\040\000v\000a\000r\000i\000a\000b\000l\000e\000s}{section.7.5}% 112
\BOOKMARK [2][-]{subsection.7.5.2}{\376\377\000H\000a\000n\000d\000l\000i\000n\000g\000\040\000n\000o\000i\000s\000y\000\040\000f\000e\000a\000t\000u\000r\000e\000s\000\040\000-\000\040\000m\000a\000r\000g\000i\000n\000a\000l\000i\000z\000e\000\040\000o\000v\000e\000r\000\040\000t\000r\000u\000e\000\040\000v\000a\000r\000i\000a\000b\000l\000e\000s}{section.7.5}% 113
